---------------------------------------
Resource Usage Report for incremental 

Mapping to part: ice40hx1ktq144
Cell usage:
GND             1 use
SB_CARRY        23 uses
SB_DFFER        23 uses
SB_DFFES        11 uses
SB_DFFR         8 uses
SB_DFFS         1 use
SB_GB           1 use
VCC             1 use
SB_LUT4         52 uses

I/O ports: 10
I/O primitives: 10
SB_GB_IO       2 uses
SB_IO          8 uses

I/O Register bits:                  0
Register bits not including I/Os:   43 (3%)

@S |Mapping Summary:
Total  LUTs: 52 (4%)

Distribution of All Consumed LUTs = LUT4 
Distribution of All Consumed Luts 52 = 52 

