Running in Lattice mode


Starting:    F:\Installs\Iscc\Lattice\synpbase\bin64\mbin\synbatch.exe
Install:     F:\Installs\Iscc\Lattice\synpbase
Hostname:    DESKTOP-107T6R1
Date:        Sat Mar 17 18:15:36 2018
Version:     L-2016.09L+ice40

Arguments:   -product synplify_pro -batch PingPong_syn.prj
ProductType: synplify_pro





log file: "F:\Proyectos\IceZum_Alhambra\Proyectos\IncrementalLeds\PingPong\PingPong_Implmnt\PingPong.srr"
Running: PingPong_Implmnt in foreground

Running PingPong_syn|PingPong_Implmnt

Running: compile (Compile) on PingPong_syn|PingPong_Implmnt
# Sat Mar 17 18:15:36 2018

Running: compile_flow (Compile Process) on PingPong_syn|PingPong_Implmnt
# Sat Mar 17 18:15:36 2018

Running: compiler (Compile Input) on PingPong_syn|PingPong_Implmnt
# Sat Mar 17 18:15:36 2018
Copied F:\Proyectos\IceZum_Alhambra\Proyectos\IncrementalLeds\PingPong\PingPong_Implmnt\synwork\PingPong_comp.srs to F:\Proyectos\IceZum_Alhambra\Proyectos\IncrementalLeds\PingPong\PingPong_Implmnt\PingPong.srs

compiler completed
# Sat Mar 17 18:15:37 2018

Return Code: 0
Run Time:00h:00m:01s

Running: multi_srs_gen (Multi-srs Generator) on PingPong_syn|PingPong_Implmnt
# Sat Mar 17 18:15:37 2018

multi_srs_gen completed
# Sat Mar 17 18:15:37 2018

Return Code: 0
Run Time:00h:00m:00s
Copied F:\Proyectos\IceZum_Alhambra\Proyectos\IncrementalLeds\PingPong\PingPong_Implmnt\synwork\PingPong_mult.srs to F:\Proyectos\IceZum_Alhambra\Proyectos\IncrementalLeds\PingPong\PingPong_Implmnt\PingPong.srs
Complete: Compile Process on PingPong_syn|PingPong_Implmnt

Running: premap (Pre-mapping) on PingPong_syn|PingPong_Implmnt
# Sat Mar 17 18:15:37 2018

premap completed with warnings
# Sat Mar 17 18:15:38 2018

Return Code: 1
Run Time:00h:00m:01s
Complete: Compile on PingPong_syn|PingPong_Implmnt

Running: map (Map) on PingPong_syn|PingPong_Implmnt
# Sat Mar 17 18:15:38 2018
License granted for 4 parallel jobs

Running: fpga_mapper (Map & Optimize) on PingPong_syn|PingPong_Implmnt
# Sat Mar 17 18:15:38 2018
Copied F:\Proyectos\IceZum_Alhambra\Proyectos\IncrementalLeds\PingPong\PingPong_Implmnt\synwork\PingPong_m.srm to F:\Proyectos\IceZum_Alhambra\Proyectos\IncrementalLeds\PingPong\PingPong_Implmnt\PingPong.srm

fpga_mapper completed with warnings
# Sat Mar 17 18:15:39 2018

Return Code: 1
Run Time:00h:00m:01s
Complete: Map on PingPong_syn|PingPong_Implmnt
Complete: Logic Synthesis on PingPong_syn|PingPong_Implmnt

exit status=0

exit status=0

